[18:04:09] This is prokka 1.14.6
[18:04:09] Written by Torsten Seemann <torsten.seemann@gmail.com>
[18:04:09] Homepage is https://github.com/tseemann/prokka
[18:04:09] Local time is Sun May 22 18:04:09 2022
[18:04:09] You are alopatki
[18:04:09] Operating system is darwin
[18:04:09] You have BioPerl 1.007002
[18:04:10] System has 8 cores.
[18:04:10] Will use maximum of 8 cores.
[18:04:10] Annotating as >>> Bacteria <<<
[18:04:10] Generating locus_tag from './../fastas/RP4.fasta' contents.
[18:04:10] Setting --locustag IBMHIKJI from MD5 2b612432e9da769d096df24cde0913e9
[18:04:10] Re-using existing --outdir ./../output/plasmids/RP4/gb_match/default/pk_results
[18:04:10] Using filename prefix: RP4.XXX
[18:04:10] Setting HMMER_NCPU=1
[18:04:10] Writing log to: ./../output/plasmids/RP4/gb_match/default/pk_results/RP4.log
[18:04:10] Command: /Users/alopatki/anaconda3/envs/prokka_env/bin/prokka --kingdom Bacteria --outdir ./../output/plasmids/RP4/gb_match/default/pk_results --prefix RP4 --force ./../fastas/RP4.fasta
[18:04:10] Appending to PATH: /Users/alopatki/anaconda3/envs/prokka_env/bin
[18:04:10] Looking for 'aragorn' - found /Users/alopatki/anaconda3/envs/prokka_env/bin/aragorn
[18:04:10] Determined aragorn version is 001002 from 'ARAGORN v1.2.41 Dean Laslett'
[18:04:10] Looking for 'barrnap' - found /Users/alopatki/anaconda3/envs/prokka_env/bin/barrnap
[18:04:10] Determined barrnap version is 000009 from 'barrnap 0.9'
[18:04:10] Looking for 'blastp' - found /Users/alopatki/anaconda3/envs/prokka_env/bin/blastp
[18:04:10] Determined blastp version is 002012 from 'blastp: 2.12.0+'
[18:04:10] Looking for 'cmpress' - found /Users/alopatki/anaconda3/envs/prokka_env/bin/cmpress
[18:04:10] Determined cmpress version is 001001 from '# INFERNAL 1.1.4 (Dec 2020)'
[18:04:10] Looking for 'cmscan' - found /Users/alopatki/anaconda3/envs/prokka_env/bin/cmscan
[18:04:10] Determined cmscan version is 001001 from '# INFERNAL 1.1.4 (Dec 2020)'
[18:04:10] Looking for 'egrep' - found /usr/bin/egrep
[18:04:10] Looking for 'find' - found /usr/bin/find
[18:04:10] Looking for 'grep' - found /usr/bin/grep
[18:04:10] Looking for 'hmmpress' - found /Users/alopatki/anaconda3/envs/prokka_env/bin/hmmpress
[18:04:10] Determined hmmpress version is 003003 from '# HMMER 3.3.2 (Nov 2020); http://hmmer.org/'
[18:04:10] Looking for 'hmmscan' - found /Users/alopatki/anaconda3/envs/prokka_env/bin/hmmscan
[18:04:10] Determined hmmscan version is 003003 from '# HMMER 3.3.2 (Nov 2020); http://hmmer.org/'
[18:04:10] Looking for 'java' - found /Users/alopatki/.jenv/shims/java
[18:04:10] Looking for 'makeblastdb' - found /Users/alopatki/anaconda3/envs/prokka_env/bin/makeblastdb
[18:04:10] Determined makeblastdb version is 002012 from 'makeblastdb: 2.12.0+'
[18:04:10] Looking for 'minced' - found /Users/alopatki/anaconda3/envs/prokka_env/bin/minced
[18:04:10] Determined minced version is 004002 from 'minced 0.4.2'
[18:04:10] Looking for 'parallel' - found /Users/alopatki/anaconda3/envs/prokka_env/bin/parallel
[18:04:10] Determined parallel version is 20220222 from 'GNU parallel 20220222'
[18:04:10] Looking for 'prodigal' - found /Users/alopatki/anaconda3/envs/prokka_env/bin/prodigal
[18:04:10] Determined prodigal version is 002006 from 'Prodigal V2.6.3: February, 2016'
[18:04:10] Looking for 'prokka-genbank_to_fasta_db' - found /Users/alopatki/anaconda3/envs/prokka_env/bin/prokka-genbank_to_fasta_db
[18:04:10] Looking for 'sed' - found /usr/bin/sed
[18:04:10] Looking for 'tbl2asn' - found /Users/alopatki/anaconda3/envs/prokka_env/bin/tbl2asn
[18:04:11] Determined tbl2asn version is 025007 from 'tbl2asn 25.7   arguments:'
[18:04:11] Using genetic code table 11.
[18:04:11] Loading and checking input file: ./../fastas/RP4.fasta
[18:04:11] Wrote 1 contigs totalling 60096 bp.
[18:04:11] Predicting tRNAs and tmRNAs
[18:04:11] Running: aragorn -l -gc11  -w \.\/\.\.\/output\/plasmids\/RP4\/gb_match\/default\/pk_results\/RP4\.fna
[18:04:11] Found 0 tRNAs
[18:04:11] Predicting Ribosomal RNAs
[18:04:11] Running Barrnap with 8 threads
[18:04:11] Found 0 rRNAs
[18:04:11] Skipping ncRNA search, enable with --rfam if desired.
[18:04:11] Total of 0 tRNA + rRNA features
[18:04:11] Searching for CRISPR repeats
[18:04:11] Found 0 CRISPRs
[18:04:11] Predicting coding sequences
[18:04:11] Contigs total 60096 bp, so using meta mode
[18:04:11] Running: prodigal -i \.\/\.\.\/output\/plasmids\/RP4\/gb_match\/default\/pk_results\/RP4\.fna -c -m -g 11 -p meta -f sco -q
[18:04:12] Found 70 CDS
[18:04:12] Connecting features back to sequences
[18:04:12] Not using genus-specific database. Try --usegenus to enable it.
[18:04:12] Annotating CDS, please be patient.
[18:04:12] Will use 8 CPUs for similarity searching.
[18:04:12] There are still 70 unannotated CDS left (started with 70)
[18:04:12] Will use blast to search against /Users/alopatki/anaconda3/envs/prokka_env/db/kingdom/Bacteria/IS with 8 CPUs
[18:04:12] Running: cat \.\/\.\.\/output\/plasmids\/RP4\/gb_match\/default\/pk_results\/RP4\.IS\.tmp\.6045\.faa | parallel --gnu --plain -j 8 --block 1138 --recstart '>' --pipe blastp -query - -db /Users/alopatki/anaconda3/envs/prokka_env/db/kingdom/Bacteria/IS -evalue 1e-30 -qcov_hsp_perc 90 -num_threads 1 -num_descriptions 1 -num_alignments 1 -seg no > \.\/\.\.\/output\/plasmids\/RP4\/gb_match\/default\/pk_results\/RP4\.IS\.tmp\.6045\.blast 2> /dev/null
[18:04:13] Deleting unwanted file: ./../output/plasmids/RP4/gb_match/default/pk_results/RP4.IS.tmp.6045.faa
[18:04:13] Deleting unwanted file: ./../output/plasmids/RP4/gb_match/default/pk_results/RP4.IS.tmp.6045.blast
[18:04:13] There are still 68 unannotated CDS left (started with 70)
[18:04:13] Will use blast to search against /Users/alopatki/anaconda3/envs/prokka_env/db/kingdom/Bacteria/AMR with 8 CPUs
[18:04:13] Running: cat \.\/\.\.\/output\/plasmids\/RP4\/gb_match\/default\/pk_results\/RP4\.AMR\.tmp\.6045\.faa | parallel --gnu --plain -j 8 --block 1059 --recstart '>' --pipe blastp -query - -db /Users/alopatki/anaconda3/envs/prokka_env/db/kingdom/Bacteria/AMR -evalue 9.99999999999999e-301 -qcov_hsp_perc 90 -num_threads 1 -num_descriptions 1 -num_alignments 1 -seg no > \.\/\.\.\/output\/plasmids\/RP4\/gb_match\/default\/pk_results\/RP4\.AMR\.tmp\.6045\.blast 2> /dev/null
[18:04:14] Deleting unwanted file: ./../output/plasmids/RP4/gb_match/default/pk_results/RP4.AMR.tmp.6045.faa
[18:04:14] Deleting unwanted file: ./../output/plasmids/RP4/gb_match/default/pk_results/RP4.AMR.tmp.6045.blast
[18:04:14] There are still 68 unannotated CDS left (started with 70)
[18:04:14] Will use blast to search against /Users/alopatki/anaconda3/envs/prokka_env/db/kingdom/Bacteria/sprot with 8 CPUs
[18:04:14] Running: cat \.\/\.\.\/output\/plasmids\/RP4\/gb_match\/default\/pk_results\/RP4\.sprot\.tmp\.6045\.faa | parallel --gnu --plain -j 8 --block 1059 --recstart '>' --pipe blastp -query - -db /Users/alopatki/anaconda3/envs/prokka_env/db/kingdom/Bacteria/sprot -evalue 1e-09 -qcov_hsp_perc 80 -num_threads 1 -num_descriptions 1 -num_alignments 1 -seg no > \.\/\.\.\/output\/plasmids\/RP4\/gb_match\/default\/pk_results\/RP4\.sprot\.tmp\.6045\.blast 2> /dev/null
[18:04:16] Modify product: Putative conjugal transfer protein Rv3659c => Putative conjugal transfer protein
[18:04:16] Modify product: TelA-like protein SA1238 => TelA-like protein
[18:04:16] Cleaned 2 /product names
[18:04:16] Deleting unwanted file: ./../output/plasmids/RP4/gb_match/default/pk_results/RP4.sprot.tmp.6045.faa
[18:04:16] Deleting unwanted file: ./../output/plasmids/RP4/gb_match/default/pk_results/RP4.sprot.tmp.6045.blast
[18:04:16] There are still 39 unannotated CDS left (started with 70)
[18:04:16] Will use hmmer3 to search against /Users/alopatki/anaconda3/envs/prokka_env/db/hmm/HAMAP.hmm with 8 CPUs
[18:04:16] Running: cat \.\/\.\.\/output\/plasmids\/RP4\/gb_match\/default\/pk_results\/RP4\.HAMAP\.hmm\.tmp\.6045\.faa | parallel --gnu --plain -j 8 --block 503 --recstart '>' --pipe hmmscan --noali --notextw --acc -E 1e-09 --cpu 1 /Users/alopatki/anaconda3/envs/prokka_env/db/hmm/HAMAP.hmm /dev/stdin > \.\/\.\.\/output\/plasmids\/RP4\/gb_match\/default\/pk_results\/RP4\.HAMAP\.hmm\.tmp\.6045\.hmmer3 2> /dev/null
[18:04:17] Deleting unwanted file: ./../output/plasmids/RP4/gb_match/default/pk_results/RP4.HAMAP.hmm.tmp.6045.faa
[18:04:17] Deleting unwanted file: ./../output/plasmids/RP4/gb_match/default/pk_results/RP4.HAMAP.hmm.tmp.6045.hmmer3
[18:04:17] Labelling remaining 38 proteins as 'hypothetical protein'
[18:04:17] Found 26 unique /gene codes.
[18:04:17] Fixed 2 duplicate /gene - klcB_1 klcB_2
[18:04:17] Fixed 2 duplicate /gene - traB_1 traB_2
[18:04:17] Fixed 2 colliding /gene names.
[18:04:17] Adding /locus_tag identifiers
[18:04:17] Assigned 70 locus_tags to CDS and RNA features.
[18:04:17] Writing outputs to ./../output/plasmids/RP4/gb_match/default/pk_results/
[18:04:17] Generating annotation statistics file
[18:04:17] Generating Genbank and Sequin files
[18:04:17] Running: tbl2asn -V b -a r10k -l paired-ends -M n -N 1 -y 'Annotated using prokka 1.14.6 from https://github.com/tseemann/prokka' -Z \.\/\.\.\/output\/plasmids\/RP4\/gb_match\/default\/pk_results\/RP4\.err -i \.\/\.\.\/output\/plasmids\/RP4\/gb_match\/default\/pk_results\/RP4\.fsa 2> /dev/null
[18:04:17] Deleting unwanted file: ./../output/plasmids/RP4/gb_match/default/pk_results/errorsummary.val
[18:04:17] Deleting unwanted file: ./../output/plasmids/RP4/gb_match/default/pk_results/RP4.dr
[18:04:17] Deleting unwanted file: ./../output/plasmids/RP4/gb_match/default/pk_results/RP4.fixedproducts
[18:04:17] Deleting unwanted file: ./../output/plasmids/RP4/gb_match/default/pk_results/RP4.ecn
[18:04:17] Deleting unwanted file: ./../output/plasmids/RP4/gb_match/default/pk_results/RP4.val
[18:04:17] Repairing broken .GBK output that tbl2asn produces...
[18:04:17] Running: sed 's/COORDINATES: profile/COORDINATES:profile/' < \.\/\.\.\/output\/plasmids\/RP4\/gb_match\/default\/pk_results\/RP4\.gbf > \.\/\.\.\/output\/plasmids\/RP4\/gb_match\/default\/pk_results\/RP4\.gbk
[18:04:17] Deleting unwanted file: ./../output/plasmids/RP4/gb_match/default/pk_results/RP4.gbf
[18:04:17] Output files:
[18:04:17] ./../output/plasmids/RP4/gb_match/default/pk_results/RP4.ffn
[18:04:17] ./../output/plasmids/RP4/gb_match/default/pk_results/RP4.log
[18:04:17] ./../output/plasmids/RP4/gb_match/default/pk_results/RP4.gbk
[18:04:17] ./../output/plasmids/RP4/gb_match/default/pk_results/RP4.fsa
[18:04:17] ./../output/plasmids/RP4/gb_match/default/pk_results/RP4.faa
[18:04:17] ./../output/plasmids/RP4/gb_match/default/pk_results/RP4.txt
[18:04:17] ./../output/plasmids/RP4/gb_match/default/pk_results/RP4.tbl
[18:04:17] ./../output/plasmids/RP4/gb_match/default/pk_results/RP4.sqn
[18:04:17] ./../output/plasmids/RP4/gb_match/default/pk_results/RP4.gff
[18:04:17] ./../output/plasmids/RP4/gb_match/default/pk_results/RP4.err
[18:04:17] ./../output/plasmids/RP4/gb_match/default/pk_results/RP4.gbf-r
[18:04:17] ./../output/plasmids/RP4/gb_match/default/pk_results/RP4.fna
[18:04:17] ./../output/plasmids/RP4/gb_match/default/pk_results/RP4.tsv
[18:04:17] Annotation finished successfully.
[18:04:17] Walltime used: 0.13 minutes
[18:04:17] If you use this result please cite the Prokka paper:
[18:04:17] Seemann T (2014) Prokka: rapid prokaryotic genome annotation. Bioinformatics. 30(14):2068-9.
[18:04:17] Type 'prokka --citation' for more details.
[18:04:17] Thank you, come again.
