[18:08:05] This is prokka 1.14.6
[18:08:05] Written by Torsten Seemann <torsten.seemann@gmail.com>
[18:08:05] Homepage is https://github.com/tseemann/prokka
[18:08:05] Local time is Sun May 22 18:08:05 2022
[18:08:05] You are alopatki
[18:08:05] Operating system is darwin
[18:08:05] You have BioPerl 1.007002
[18:08:06] System has 8 cores.
[18:08:06] Will use maximum of 8 cores.
[18:08:06] Annotating as >>> Bacteria <<<
[18:08:06] Generating locus_tag from './../fastas/RIP113.fasta' contents.
[18:08:06] Setting --locustag GNHEAOBH from MD5 071ea8b1a65795df9b159156a9120e55
[18:08:06] Re-using existing --outdir ./../output/plasmids/RIP113/gb_match/default/pk_results
[18:08:06] Using filename prefix: RIP113.XXX
[18:08:06] Setting HMMER_NCPU=1
[18:08:06] Writing log to: ./../output/plasmids/RIP113/gb_match/default/pk_results/RIP113.log
[18:08:06] Command: /Users/alopatki/anaconda3/envs/prokka_env/bin/prokka --kingdom Bacteria --outdir ./../output/plasmids/RIP113/gb_match/default/pk_results --prefix RIP113 --force ./../fastas/RIP113.fasta
[18:08:06] Appending to PATH: /Users/alopatki/anaconda3/envs/prokka_env/bin
[18:08:06] Looking for 'aragorn' - found /Users/alopatki/anaconda3/envs/prokka_env/bin/aragorn
[18:08:06] Determined aragorn version is 001002 from 'ARAGORN v1.2.41 Dean Laslett'
[18:08:06] Looking for 'barrnap' - found /Users/alopatki/anaconda3/envs/prokka_env/bin/barrnap
[18:08:06] Determined barrnap version is 000009 from 'barrnap 0.9'
[18:08:06] Looking for 'blastp' - found /Users/alopatki/anaconda3/envs/prokka_env/bin/blastp
[18:08:06] Determined blastp version is 002012 from 'blastp: 2.12.0+'
[18:08:06] Looking for 'cmpress' - found /Users/alopatki/anaconda3/envs/prokka_env/bin/cmpress
[18:08:06] Determined cmpress version is 001001 from '# INFERNAL 1.1.4 (Dec 2020)'
[18:08:06] Looking for 'cmscan' - found /Users/alopatki/anaconda3/envs/prokka_env/bin/cmscan
[18:08:06] Determined cmscan version is 001001 from '# INFERNAL 1.1.4 (Dec 2020)'
[18:08:06] Looking for 'egrep' - found /usr/bin/egrep
[18:08:06] Looking for 'find' - found /usr/bin/find
[18:08:06] Looking for 'grep' - found /usr/bin/grep
[18:08:06] Looking for 'hmmpress' - found /Users/alopatki/anaconda3/envs/prokka_env/bin/hmmpress
[18:08:06] Determined hmmpress version is 003003 from '# HMMER 3.3.2 (Nov 2020); http://hmmer.org/'
[18:08:06] Looking for 'hmmscan' - found /Users/alopatki/anaconda3/envs/prokka_env/bin/hmmscan
[18:08:06] Determined hmmscan version is 003003 from '# HMMER 3.3.2 (Nov 2020); http://hmmer.org/'
[18:08:06] Looking for 'java' - found /Users/alopatki/.jenv/shims/java
[18:08:06] Looking for 'makeblastdb' - found /Users/alopatki/anaconda3/envs/prokka_env/bin/makeblastdb
[18:08:06] Determined makeblastdb version is 002012 from 'makeblastdb: 2.12.0+'
[18:08:06] Looking for 'minced' - found /Users/alopatki/anaconda3/envs/prokka_env/bin/minced
[18:08:06] Determined minced version is 004002 from 'minced 0.4.2'
[18:08:06] Looking for 'parallel' - found /Users/alopatki/anaconda3/envs/prokka_env/bin/parallel
[18:08:06] Determined parallel version is 20220222 from 'GNU parallel 20220222'
[18:08:06] Looking for 'prodigal' - found /Users/alopatki/anaconda3/envs/prokka_env/bin/prodigal
[18:08:07] Determined prodigal version is 002006 from 'Prodigal V2.6.3: February, 2016'
[18:08:07] Looking for 'prokka-genbank_to_fasta_db' - found /Users/alopatki/anaconda3/envs/prokka_env/bin/prokka-genbank_to_fasta_db
[18:08:07] Looking for 'sed' - found /usr/bin/sed
[18:08:07] Looking for 'tbl2asn' - found /Users/alopatki/anaconda3/envs/prokka_env/bin/tbl2asn
[18:08:07] Determined tbl2asn version is 025007 from 'tbl2asn 25.7   arguments:'
[18:08:07] Using genetic code table 11.
[18:08:07] Loading and checking input file: ./../fastas/RIP113.fasta
[18:08:07] Wrote 1 contigs totalling 42161 bp.
[18:08:07] Predicting tRNAs and tmRNAs
[18:08:07] Running: aragorn -l -gc11  -w \.\/\.\.\/output\/plasmids\/RIP113\/gb_match\/default\/pk_results\/RIP113\.fna
[18:08:07] Found 0 tRNAs
[18:08:07] Predicting Ribosomal RNAs
[18:08:07] Running Barrnap with 8 threads
[18:08:07] Found 0 rRNAs
[18:08:07] Skipping ncRNA search, enable with --rfam if desired.
[18:08:07] Total of 0 tRNA + rRNA features
[18:08:07] Searching for CRISPR repeats
[18:08:07] Found 0 CRISPRs
[18:08:07] Predicting coding sequences
[18:08:07] Contigs total 42161 bp, so using meta mode
[18:08:07] Running: prodigal -i \.\/\.\.\/output\/plasmids\/RIP113\/gb_match\/default\/pk_results\/RIP113\.fna -c -m -g 11 -p meta -f sco -q
[18:08:08] Found 49 CDS
[18:08:08] Connecting features back to sequences
[18:08:08] Not using genus-specific database. Try --usegenus to enable it.
[18:08:08] Annotating CDS, please be patient.
[18:08:08] Will use 8 CPUs for similarity searching.
[18:08:08] There are still 49 unannotated CDS left (started with 49)
[18:08:08] Will use blast to search against /Users/alopatki/anaconda3/envs/prokka_env/db/kingdom/Bacteria/IS with 8 CPUs
[18:08:08] Running: cat \.\/\.\.\/output\/plasmids\/RIP113\/gb_match\/default\/pk_results\/RIP113\.IS\.tmp\.7126\.faa | parallel --gnu --plain -j 8 --block 746 --recstart '>' --pipe blastp -query - -db /Users/alopatki/anaconda3/envs/prokka_env/db/kingdom/Bacteria/IS -evalue 1e-30 -qcov_hsp_perc 90 -num_threads 1 -num_descriptions 1 -num_alignments 1 -seg no > \.\/\.\.\/output\/plasmids\/RIP113\/gb_match\/default\/pk_results\/RIP113\.IS\.tmp\.7126\.blast 2> /dev/null
[18:08:08] Deleting unwanted file: ./../output/plasmids/RIP113/gb_match/default/pk_results/RIP113.IS.tmp.7126.faa
[18:08:08] Deleting unwanted file: ./../output/plasmids/RIP113/gb_match/default/pk_results/RIP113.IS.tmp.7126.blast
[18:08:08] There are still 48 unannotated CDS left (started with 49)
[18:08:08] Will use blast to search against /Users/alopatki/anaconda3/envs/prokka_env/db/kingdom/Bacteria/AMR with 8 CPUs
[18:08:08] Running: cat \.\/\.\.\/output\/plasmids\/RIP113\/gb_match\/default\/pk_results\/RIP113\.AMR\.tmp\.7126\.faa | parallel --gnu --plain -j 8 --block 708 --recstart '>' --pipe blastp -query - -db /Users/alopatki/anaconda3/envs/prokka_env/db/kingdom/Bacteria/AMR -evalue 9.99999999999999e-301 -qcov_hsp_perc 90 -num_threads 1 -num_descriptions 1 -num_alignments 1 -seg no > \.\/\.\.\/output\/plasmids\/RIP113\/gb_match\/default\/pk_results\/RIP113\.AMR\.tmp\.7126\.blast 2> /dev/null
[18:08:09] Deleting unwanted file: ./../output/plasmids/RIP113/gb_match/default/pk_results/RIP113.AMR.tmp.7126.faa
[18:08:09] Deleting unwanted file: ./../output/plasmids/RIP113/gb_match/default/pk_results/RIP113.AMR.tmp.7126.blast
[18:08:09] There are still 48 unannotated CDS left (started with 49)
[18:08:09] Will use blast to search against /Users/alopatki/anaconda3/envs/prokka_env/db/kingdom/Bacteria/sprot with 8 CPUs
[18:08:09] Running: cat \.\/\.\.\/output\/plasmids\/RIP113\/gb_match\/default\/pk_results\/RIP113\.sprot\.tmp\.7126\.faa | parallel --gnu --plain -j 8 --block 708 --recstart '>' --pipe blastp -query - -db /Users/alopatki/anaconda3/envs/prokka_env/db/kingdom/Bacteria/sprot -evalue 1e-09 -qcov_hsp_perc 80 -num_threads 1 -num_descriptions 1 -num_alignments 1 -seg no > \.\/\.\.\/output\/plasmids\/RIP113\/gb_match\/default\/pk_results\/RIP113\.sprot\.tmp\.7126\.blast 2> /dev/null
[18:08:10] Deleting unwanted file: ./../output/plasmids/RIP113/gb_match/default/pk_results/RIP113.sprot.tmp.7126.faa
[18:08:10] Deleting unwanted file: ./../output/plasmids/RIP113/gb_match/default/pk_results/RIP113.sprot.tmp.7126.blast
[18:08:10] There are still 32 unannotated CDS left (started with 49)
[18:08:10] Will use hmmer3 to search against /Users/alopatki/anaconda3/envs/prokka_env/db/hmm/HAMAP.hmm with 8 CPUs
[18:08:10] Running: cat \.\/\.\.\/output\/plasmids\/RIP113\/gb_match\/default\/pk_results\/RIP113\.HAMAP\.hmm\.tmp\.7126\.faa | parallel --gnu --plain -j 8 --block 359 --recstart '>' --pipe hmmscan --noali --notextw --acc -E 1e-09 --cpu 1 /Users/alopatki/anaconda3/envs/prokka_env/db/hmm/HAMAP.hmm /dev/stdin > \.\/\.\.\/output\/plasmids\/RIP113\/gb_match\/default\/pk_results\/RIP113\.HAMAP\.hmm\.tmp\.7126\.hmmer3 2> /dev/null
[18:08:11] Deleting unwanted file: ./../output/plasmids/RIP113/gb_match/default/pk_results/RIP113.HAMAP.hmm.tmp.7126.faa
[18:08:11] Deleting unwanted file: ./../output/plasmids/RIP113/gb_match/default/pk_results/RIP113.HAMAP.hmm.tmp.7126.hmmer3
[18:08:11] Labelling remaining 31 proteins as 'hypothetical protein'
[18:08:11] Found 15 unique /gene codes.
[18:08:11] Fixed 0 colliding /gene names.
[18:08:11] Adding /locus_tag identifiers
[18:08:11] Assigned 49 locus_tags to CDS and RNA features.
[18:08:11] Writing outputs to ./../output/plasmids/RIP113/gb_match/default/pk_results/
[18:08:11] Generating annotation statistics file
[18:08:11] Generating Genbank and Sequin files
[18:08:11] Running: tbl2asn -V b -a r10k -l paired-ends -M n -N 1 -y 'Annotated using prokka 1.14.6 from https://github.com/tseemann/prokka' -Z \.\/\.\.\/output\/plasmids\/RIP113\/gb_match\/default\/pk_results\/RIP113\.err -i \.\/\.\.\/output\/plasmids\/RIP113\/gb_match\/default\/pk_results\/RIP113\.fsa 2> /dev/null
[18:08:12] Deleting unwanted file: ./../output/plasmids/RIP113/gb_match/default/pk_results/errorsummary.val
[18:08:12] Deleting unwanted file: ./../output/plasmids/RIP113/gb_match/default/pk_results/RIP113.dr
[18:08:12] Deleting unwanted file: ./../output/plasmids/RIP113/gb_match/default/pk_results/RIP113.fixedproducts
[18:08:12] Deleting unwanted file: ./../output/plasmids/RIP113/gb_match/default/pk_results/RIP113.ecn
[18:08:12] Deleting unwanted file: ./../output/plasmids/RIP113/gb_match/default/pk_results/RIP113.val
[18:08:12] Repairing broken .GBK output that tbl2asn produces...
[18:08:12] Running: sed 's/COORDINATES: profile/COORDINATES:profile/' < \.\/\.\.\/output\/plasmids\/RIP113\/gb_match\/default\/pk_results\/RIP113\.gbf > \.\/\.\.\/output\/plasmids\/RIP113\/gb_match\/default\/pk_results\/RIP113\.gbk
[18:08:12] Deleting unwanted file: ./../output/plasmids/RIP113/gb_match/default/pk_results/RIP113.gbf
[18:08:12] Output files:
[18:08:12] ./../output/plasmids/RIP113/gb_match/default/pk_results/RIP113.txt
[18:08:12] ./../output/plasmids/RIP113/gb_match/default/pk_results/RIP113.tbl
[18:08:12] ./../output/plasmids/RIP113/gb_match/default/pk_results/RIP113.sqn
[18:08:12] ./../output/plasmids/RIP113/gb_match/default/pk_results/RIP113.gff
[18:08:12] ./../output/plasmids/RIP113/gb_match/default/pk_results/RIP113.err
[18:08:12] ./../output/plasmids/RIP113/gb_match/default/pk_results/RIP113.fna
[18:08:12] ./../output/plasmids/RIP113/gb_match/default/pk_results/RIP113.tsv
[18:08:12] ./../output/plasmids/RIP113/gb_match/default/pk_results/RIP113.ffn
[18:08:12] ./../output/plasmids/RIP113/gb_match/default/pk_results/RIP113.log
[18:08:12] ./../output/plasmids/RIP113/gb_match/default/pk_results/RIP113.gbk
[18:08:12] ./../output/plasmids/RIP113/gb_match/default/pk_results/RIP113.fsa
[18:08:12] ./../output/plasmids/RIP113/gb_match/default/pk_results/RIP113.gbf-r
[18:08:12] ./../output/plasmids/RIP113/gb_match/default/pk_results/RIP113.faa
[18:08:12] Annotation finished successfully.
[18:08:12] Walltime used: 0.12 minutes
[18:08:12] If you use this result please cite the Prokka paper:
[18:08:12] Seemann T (2014) Prokka: rapid prokaryotic genome annotation. Bioinformatics. 30(14):2068-9.
[18:08:12] Type 'prokka --citation' for more details.
[18:08:12] Share and enjoy!
