[14:58:15] This is prokka 1.14.6
[14:58:15] Written by Torsten Seemann <torsten.seemann@gmail.com>
[14:58:15] Homepage is https://github.com/tseemann/prokka
[14:58:15] Local time is Sun May 22 14:58:15 2022
[14:58:15] You are alopatki
[14:58:15] Operating system is darwin
[14:58:15] You have BioPerl 1.007002
[14:58:16] System has 8 cores.
[14:58:16] Will use maximum of 8 cores.
[14:58:16] Annotating as >>> Bacteria <<<
[14:58:16] Generating locus_tag from './../fastas/pRK100.fasta' contents.
[14:58:16] Setting --locustag GADIBNOC from MD5 0ad2b78cc96bcc43b4c8179025770f0a
[14:58:16] Re-using existing --outdir ./../output/plasmids/pRK100/gb_match/default/pk_results
[14:58:16] Using filename prefix: pRK100.XXX
[14:58:16] Setting HMMER_NCPU=1
[14:58:16] Writing log to: ./../output/plasmids/pRK100/gb_match/default/pk_results/pRK100.log
[14:58:16] Command: /Users/alopatki/anaconda3/envs/prokka_env/bin/prokka --kingdom Bacteria --outdir ./../output/plasmids/pRK100/gb_match/default/pk_results --prefix pRK100 --force ./../fastas/pRK100.fasta
[14:58:16] Appending to PATH: /Users/alopatki/anaconda3/envs/prokka_env/bin
[14:58:16] Looking for 'aragorn' - found /Users/alopatki/anaconda3/envs/prokka_env/bin/aragorn
[14:58:16] Determined aragorn version is 001002 from 'ARAGORN v1.2.41 Dean Laslett'
[14:58:16] Looking for 'barrnap' - found /Users/alopatki/anaconda3/envs/prokka_env/bin/barrnap
[14:58:16] Determined barrnap version is 000009 from 'barrnap 0.9'
[14:58:16] Looking for 'blastp' - found /Users/alopatki/anaconda3/envs/prokka_env/bin/blastp
[14:58:16] Determined blastp version is 002012 from 'blastp: 2.12.0+'
[14:58:16] Looking for 'cmpress' - found /Users/alopatki/anaconda3/envs/prokka_env/bin/cmpress
[14:58:16] Determined cmpress version is 001001 from '# INFERNAL 1.1.4 (Dec 2020)'
[14:58:16] Looking for 'cmscan' - found /Users/alopatki/anaconda3/envs/prokka_env/bin/cmscan
[14:58:16] Determined cmscan version is 001001 from '# INFERNAL 1.1.4 (Dec 2020)'
[14:58:16] Looking for 'egrep' - found /usr/bin/egrep
[14:58:16] Looking for 'find' - found /usr/bin/find
[14:58:16] Looking for 'grep' - found /usr/bin/grep
[14:58:16] Looking for 'hmmpress' - found /Users/alopatki/anaconda3/envs/prokka_env/bin/hmmpress
[14:58:16] Determined hmmpress version is 003003 from '# HMMER 3.3.2 (Nov 2020); http://hmmer.org/'
[14:58:16] Looking for 'hmmscan' - found /Users/alopatki/anaconda3/envs/prokka_env/bin/hmmscan
[14:58:16] Determined hmmscan version is 003003 from '# HMMER 3.3.2 (Nov 2020); http://hmmer.org/'
[14:58:16] Looking for 'java' - found /Users/alopatki/.jenv/shims/java
[14:58:16] Looking for 'makeblastdb' - found /Users/alopatki/anaconda3/envs/prokka_env/bin/makeblastdb
[14:58:16] Determined makeblastdb version is 002012 from 'makeblastdb: 2.12.0+'
[14:58:16] Looking for 'minced' - found /Users/alopatki/anaconda3/envs/prokka_env/bin/minced
[14:58:16] Determined minced version is 004002 from 'minced 0.4.2'
[14:58:16] Looking for 'parallel' - found /Users/alopatki/anaconda3/envs/prokka_env/bin/parallel
[14:58:16] Determined parallel version is 20220222 from 'GNU parallel 20220222'
[14:58:16] Looking for 'prodigal' - found /Users/alopatki/anaconda3/envs/prokka_env/bin/prodigal
[14:58:16] Determined prodigal version is 002006 from 'Prodigal V2.6.3: February, 2016'
[14:58:16] Looking for 'prokka-genbank_to_fasta_db' - found /Users/alopatki/anaconda3/envs/prokka_env/bin/prokka-genbank_to_fasta_db
[14:58:16] Looking for 'sed' - found /usr/bin/sed
[14:58:16] Looking for 'tbl2asn' - found /Users/alopatki/anaconda3/envs/prokka_env/bin/tbl2asn
[14:58:17] Determined tbl2asn version is 025007 from 'tbl2asn 25.7   arguments:'
[14:58:17] Using genetic code table 11.
[14:58:17] Loading and checking input file: ./../fastas/pRK100.fasta
[14:58:17] Wrote 1 contigs totalling 142357 bp.
[14:58:17] Predicting tRNAs and tmRNAs
[14:58:17] Running: aragorn -l -gc11  -w \.\/\.\.\/output\/plasmids\/pRK100\/gb_match\/default\/pk_results\/pRK100\.fna
[14:58:17] Found 0 tRNAs
[14:58:17] Predicting Ribosomal RNAs
[14:58:17] Running Barrnap with 8 threads
[14:58:17] Found 0 rRNAs
[14:58:17] Skipping ncRNA search, enable with --rfam if desired.
[14:58:17] Total of 0 tRNA + rRNA features
[14:58:17] Searching for CRISPR repeats
[14:58:17] Found 0 CRISPRs
[14:58:17] Predicting coding sequences
[14:58:17] Contigs total 142357 bp, so using single mode
[14:58:17] Running: prodigal -i \.\/\.\.\/output\/plasmids\/pRK100\/gb_match\/default\/pk_results\/pRK100\.fna -c -m -g 11 -p single -f sco -q
[14:58:17] Found 143 CDS
[14:58:17] Connecting features back to sequences
[14:58:17] Not using genus-specific database. Try --usegenus to enable it.
[14:58:17] Annotating CDS, please be patient.
[14:58:17] Will use 8 CPUs for similarity searching.
[14:58:18] There are still 143 unannotated CDS left (started with 143)
[14:58:18] Will use blast to search against /Users/alopatki/anaconda3/envs/prokka_env/db/kingdom/Bacteria/IS with 8 CPUs
[14:58:18] Running: cat \.\/\.\.\/output\/plasmids\/pRK100\/gb_match\/default\/pk_results\/pRK100\.IS\.tmp\.49762\.faa | parallel --gnu --plain -j 8 --block 2442 --recstart '>' --pipe blastp -query - -db /Users/alopatki/anaconda3/envs/prokka_env/db/kingdom/Bacteria/IS -evalue 1e-30 -qcov_hsp_perc 90 -num_threads 1 -num_descriptions 1 -num_alignments 1 -seg no > \.\/\.\.\/output\/plasmids\/pRK100\/gb_match\/default\/pk_results\/pRK100\.IS\.tmp\.49762\.blast 2> /dev/null
[14:58:19] Deleting unwanted file: ./../output/plasmids/pRK100/gb_match/default/pk_results/pRK100.IS.tmp.49762.faa
[14:58:19] Deleting unwanted file: ./../output/plasmids/pRK100/gb_match/default/pk_results/pRK100.IS.tmp.49762.blast
[14:58:19] There are still 134 unannotated CDS left (started with 143)
[14:58:19] Will use blast to search against /Users/alopatki/anaconda3/envs/prokka_env/db/kingdom/Bacteria/AMR with 8 CPUs
[14:58:19] Running: cat \.\/\.\.\/output\/plasmids\/pRK100\/gb_match\/default\/pk_results\/pRK100\.AMR\.tmp\.49762\.faa | parallel --gnu --plain -j 8 --block 2199 --recstart '>' --pipe blastp -query - -db /Users/alopatki/anaconda3/envs/prokka_env/db/kingdom/Bacteria/AMR -evalue 9.99999999999999e-301 -qcov_hsp_perc 90 -num_threads 1 -num_descriptions 1 -num_alignments 1 -seg no > \.\/\.\.\/output\/plasmids\/pRK100\/gb_match\/default\/pk_results\/pRK100\.AMR\.tmp\.49762\.blast 2> /dev/null
[14:58:20] Deleting unwanted file: ./../output/plasmids/pRK100/gb_match/default/pk_results/pRK100.AMR.tmp.49762.faa
[14:58:20] Deleting unwanted file: ./../output/plasmids/pRK100/gb_match/default/pk_results/pRK100.AMR.tmp.49762.blast
[14:58:20] There are still 134 unannotated CDS left (started with 143)
[14:58:20] Will use blast to search against /Users/alopatki/anaconda3/envs/prokka_env/db/kingdom/Bacteria/sprot with 8 CPUs
[14:58:20] Running: cat \.\/\.\.\/output\/plasmids\/pRK100\/gb_match\/default\/pk_results\/pRK100\.sprot\.tmp\.49762\.faa | parallel --gnu --plain -j 8 --block 2199 --recstart '>' --pipe blastp -query - -db /Users/alopatki/anaconda3/envs/prokka_env/db/kingdom/Bacteria/sprot -evalue 1e-09 -qcov_hsp_perc 80 -num_threads 1 -num_descriptions 1 -num_alignments 1 -seg no > \.\/\.\.\/output\/plasmids\/pRK100\/gb_match\/default\/pk_results\/pRK100\.sprot\.tmp\.49762\.blast 2> /dev/null
[14:58:23] Modify product: Multidrug efflux ATP-binding/permease protein Rv0194 => Multidrug efflux ATP-binding/permease protein
[14:58:23] Modify product: UPF0401 protein YkfF => hypothetical protein
[14:58:23] Modify product: Uncharacterized periplasmic iron-binding protein HI_0362 => putative periplasmic iron-binding protein
[14:58:23] Cleaned 3 /product names
[14:58:23] Deleting unwanted file: ./../output/plasmids/pRK100/gb_match/default/pk_results/pRK100.sprot.tmp.49762.faa
[14:58:23] Deleting unwanted file: ./../output/plasmids/pRK100/gb_match/default/pk_results/pRK100.sprot.tmp.49762.blast
[14:58:23] There are still 76 unannotated CDS left (started with 143)
[14:58:23] Will use hmmer3 to search against /Users/alopatki/anaconda3/envs/prokka_env/db/hmm/HAMAP.hmm with 8 CPUs
[14:58:23] Running: cat \.\/\.\.\/output\/plasmids\/pRK100\/gb_match\/default\/pk_results\/pRK100\.HAMAP\.hmm\.tmp\.49762\.faa | parallel --gnu --plain -j 8 --block 894 --recstart '>' --pipe hmmscan --noali --notextw --acc -E 1e-09 --cpu 1 /Users/alopatki/anaconda3/envs/prokka_env/db/hmm/HAMAP.hmm /dev/stdin > \.\/\.\.\/output\/plasmids\/pRK100\/gb_match\/default\/pk_results\/pRK100\.HAMAP\.hmm\.tmp\.49762\.hmmer3 2> /dev/null
[14:58:25] Deleting unwanted file: ./../output/plasmids/pRK100/gb_match/default/pk_results/pRK100.HAMAP.hmm.tmp.49762.faa
[14:58:25] Deleting unwanted file: ./../output/plasmids/pRK100/gb_match/default/pk_results/pRK100.HAMAP.hmm.tmp.49762.hmmer3
[14:58:25] Labelling remaining 72 proteins as 'hypothetical protein'
[14:58:25] Possible /pseudo 'IS3 family transposase IS629' at pRK100 position 8093
[14:58:25] Possible /pseudo 'Manganese transport system membrane protein MntB' at pRK100 position 136781
[14:58:25] Found 55 unique /gene codes.
[14:58:25] Fixed 3 duplicate /gene - mntB_1 mntB_2 mntB_3
[14:58:25] Fixed 1 colliding /gene names.
[14:58:25] Adding /locus_tag identifiers
[14:58:25] Assigned 143 locus_tags to CDS and RNA features.
[14:58:25] Writing outputs to ./../output/plasmids/pRK100/gb_match/default/pk_results/
[14:58:25] Generating annotation statistics file
[14:58:25] Generating Genbank and Sequin files
[14:58:25] Running: tbl2asn -V b -a r10k -l paired-ends -M n -N 1 -y 'Annotated using prokka 1.14.6 from https://github.com/tseemann/prokka' -Z \.\/\.\.\/output\/plasmids\/pRK100\/gb_match\/default\/pk_results\/pRK100\.err -i \.\/\.\.\/output\/plasmids\/pRK100\/gb_match\/default\/pk_results\/pRK100\.fsa 2> /dev/null
[14:58:26] Deleting unwanted file: ./../output/plasmids/pRK100/gb_match/default/pk_results/errorsummary.val
[14:58:26] Deleting unwanted file: ./../output/plasmids/pRK100/gb_match/default/pk_results/pRK100.dr
[14:58:26] Deleting unwanted file: ./../output/plasmids/pRK100/gb_match/default/pk_results/pRK100.fixedproducts
[14:58:26] Deleting unwanted file: ./../output/plasmids/pRK100/gb_match/default/pk_results/pRK100.ecn
[14:58:26] Deleting unwanted file: ./../output/plasmids/pRK100/gb_match/default/pk_results/pRK100.val
[14:58:26] Repairing broken .GBK output that tbl2asn produces...
[14:58:26] Running: sed 's/COORDINATES: profile/COORDINATES:profile/' < \.\/\.\.\/output\/plasmids\/pRK100\/gb_match\/default\/pk_results\/pRK100\.gbf > \.\/\.\.\/output\/plasmids\/pRK100\/gb_match\/default\/pk_results\/pRK100\.gbk
[14:58:26] Deleting unwanted file: ./../output/plasmids/pRK100/gb_match/default/pk_results/pRK100.gbf
[14:58:26] Output files:
[14:58:26] ./../output/plasmids/pRK100/gb_match/default/pk_results/pRK100.gbk
[14:58:26] ./../output/plasmids/pRK100/gb_match/default/pk_results/pRK100.log
[14:58:26] ./../output/plasmids/pRK100/gb_match/default/pk_results/pRK100.ffn
[14:58:26] ./../output/plasmids/pRK100/gb_match/default/pk_results/pRK100.gbf-r
[14:58:26] ./../output/plasmids/pRK100/gb_match/default/pk_results/pRK100.faa
[14:58:26] ./../output/plasmids/pRK100/gb_match/default/pk_results/pRK100.fsa
[14:58:26] ./../output/plasmids/pRK100/gb_match/default/pk_results/pRK100.txt
[14:58:26] ./../output/plasmids/pRK100/gb_match/default/pk_results/pRK100.fna
[14:58:26] ./../output/plasmids/pRK100/gb_match/default/pk_results/pRK100.tsv
[14:58:26] ./../output/plasmids/pRK100/gb_match/default/pk_results/pRK100.err
[14:58:26] ./../output/plasmids/pRK100/gb_match/default/pk_results/pRK100.gff
[14:58:26] ./../output/plasmids/pRK100/gb_match/default/pk_results/pRK100.sqn
[14:58:26] ./../output/plasmids/pRK100/gb_match/default/pk_results/pRK100.tbl
[14:58:26] Annotation finished successfully.
[14:58:26] Walltime used: 0.18 minutes
[14:58:26] If you use this result please cite the Prokka paper:
[14:58:26] Seemann T (2014) Prokka: rapid prokaryotic genome annotation. Bioinformatics. 30(14):2068-9.
[14:58:26] Type 'prokka --citation' for more details.
[14:58:26] Share and enjoy!
